2020-12-18 17:50:34,241 INFO o.a.j.u.JMeterUtils: Setting Locale to en_EN
2020-12-18 17:50:34,256 INFO o.a.j.JMeter: Loading user properties from: /Users/zhouyu/Downloads/apache-jmeter-5.1.1/bin/user.properties
2020-12-18 17:50:34,256 INFO o.a.j.JMeter: Loading system properties from: /Users/zhouyu/Downloads/apache-jmeter-5.1.1/bin/system.properties
2020-12-18 17:50:34,262 INFO o.a.j.JMeter: Copyright (c) 1998-2019 The Apache Software Foundation
2020-12-18 17:50:34,262 INFO o.a.j.JMeter: Version 5.1.1 r1855137
2020-12-18 17:50:34,262 INFO o.a.j.JMeter: java.version=1.8.0_211
2020-12-18 17:50:34,262 INFO o.a.j.JMeter: java.vm.name=Java HotSpot(TM) 64-Bit Server VM
2020-12-18 17:50:34,262 INFO o.a.j.JMeter: os.name=Mac OS X
2020-12-18 17:50:34,262 INFO o.a.j.JMeter: os.arch=x86_64
2020-12-18 17:50:34,262 INFO o.a.j.JMeter: os.version=10.15.7
2020-12-18 17:50:34,262 INFO o.a.j.JMeter: file.encoding=UTF-8
2020-12-18 17:50:34,262 INFO o.a.j.JMeter: java.awt.headless=null
2020-12-18 17:50:34,262 INFO o.a.j.JMeter: Max memory     =1073741824
2020-12-18 17:50:34,262 INFO o.a.j.JMeter: Available Processors =8
2020-12-18 17:50:34,265 INFO o.a.j.JMeter: Default Locale=English (EN)
2020-12-18 17:50:34,266 INFO o.a.j.JMeter: JMeter  Locale=English (EN)
2020-12-18 17:50:34,266 INFO o.a.j.JMeter: JMeterHome=/Users/zhouyu/Downloads/apache-jmeter-5.1.1
2020-12-18 17:50:34,266 INFO o.a.j.JMeter: user.dir  =/Users/zhouyu/Desktop/study/login
2020-12-18 17:50:34,266 INFO o.a.j.JMeter: PWD       =/Users/zhouyu/Desktop/study/login
2020-12-18 17:50:34,267 INFO o.a.j.JMeter: IP: 127.0.0.1 Name: zhouyudeMacBook-Pro.local FullName: localhost
2020-12-18 17:50:35,732 INFO o.a.j.g.a.LookAndFeelCommand: Installing Darcula LAF
2020-12-18 17:50:35,744 INFO o.a.j.g.a.LookAndFeelCommand: Using look and feel: com.bulenkov.darcula.DarculaLaf [Darcula]
2020-12-18 17:50:35,745 INFO o.a.j.JMeter: Setting LAF to: com.bulenkov.darcula.DarculaLaf
2020-12-18 17:50:35,803 INFO o.a.j.JMeter: Loaded icon properties from org/apache/jmeter/images/icon.properties
2020-12-18 17:50:36,496 INFO o.j.r.JARSourceHTTP: Using proxy 127.0.0.1:9999
2020-12-18 17:50:36,513 INFO o.j.r.JARSourceHTTP: Using proxy 127.0.0.1:9999
2020-12-18 17:50:36,520 WARN o.j.r.PluginManager: Found JAR conflict: /Users/zhouyu/Downloads/apache-jmeter-5.1.1/lib/asm-7.0.jar and /Users/zhouyu/Downloads/apache-jmeter-5.1.1/lib/asm-1.0.2.jar
2020-12-18 17:50:36,554 INFO o.j.r.JARSourceHTTP: Found cached repo
2020-12-18 17:50:36,767 INFO o.j.r.JARSourceHTTP: Using proxy 127.0.0.1:9999
2020-12-18 17:50:36,768 INFO o.j.r.PluginManager: Plugins Status: [jpgc-graphs-basic=2.0, jpgc-graphs-additional=2.0, jpgc-graphs-composite=2.0, jpgc-casutg=2.9, jpgc-json=2.7, jpgc-graphs-vs=2.0, jpgc-plugins-manager=1.4, websocket-sampler=1.0.2-SNAPSHOT, jmeter-core=5.1.1, jmeter-ftp=5.1.1, jmeter-http=5.1.1, jmeter-jdbc=5.1.1, jmeter-jms=5.1.1, jmeter-junit=5.1.1, jmeter-java=5.1.1, jmeter-ldap=5.1.1, jmeter-mail=5.1.1, jmeter-mongodb=5.1.1, jmeter-native=5.1.1, jmeter-tcp=5.1.1, jmeter-components=5.1.1]
2020-12-18 17:50:36,770 INFO o.j.r.PluginManagerMenuItem: Plugins Manager has upgrades: [jpgc-plugins-manager]
2020-12-18 17:50:38,288 INFO o.a.j.p.h.s.HTTPSamplerBase: Parser for text/html is org.apache.jmeter.protocol.http.parser.LagartoBasedHtmlParser
2020-12-18 17:50:38,289 INFO o.a.j.p.h.s.HTTPSamplerBase: Parser for application/xhtml+xml is org.apache.jmeter.protocol.http.parser.LagartoBasedHtmlParser
2020-12-18 17:50:38,289 INFO o.a.j.p.h.s.HTTPSamplerBase: Parser for application/xml is org.apache.jmeter.protocol.http.parser.LagartoBasedHtmlParser
2020-12-18 17:50:38,289 INFO o.a.j.p.h.s.HTTPSamplerBase: Parser for text/xml is org.apache.jmeter.protocol.http.parser.LagartoBasedHtmlParser
2020-12-18 17:50:38,289 INFO o.a.j.p.h.s.HTTPSamplerBase: Parser for text/vnd.wap.wml is org.apache.jmeter.protocol.http.parser.RegexpHTMLParser
2020-12-18 17:50:38,289 INFO o.a.j.p.h.s.HTTPSamplerBase: Parser for text/css is org.apache.jmeter.protocol.http.parser.CssParser
2020-12-18 17:50:38,563 INFO o.a.j.e.KeyToolUtils: keytool found at 'keytool'
2020-12-18 17:50:38,564 INFO o.a.j.p.h.p.ProxyControl: HTTP(S) Test Script Recorder SSL Proxy will use keys that support embedded 3rd party resources in file /Users/zhouyu/Downloads/apache-jmeter-5.1.1/bin/proxyserver.jks
2020-12-18 17:50:38,697 INFO o.a.j.s.FileServer: Default base='/Users/zhouyu/Desktop/study/login'
2020-12-18 17:50:38,925 INFO o.a.j.s.SampleResult: Note: Sample TimeStamps are START times
2020-12-18 17:50:38,925 INFO o.a.j.s.SampleResult: sampleresult.default.encoding is set to UTF-8
2020-12-18 17:50:38,925 INFO o.a.j.s.SampleResult: sampleresult.useNanoTime=true
2020-12-18 17:50:38,925 INFO o.a.j.s.SampleResult: sampleresult.nanoThreadSleep=5000
