2020-12-25 23:06:41,517 INFO o.a.j.u.JMeterUtils: Setting Locale to zh_CN
2020-12-25 23:06:41,536 INFO o.a.j.JMeter: Loading user properties from: /Users/zhouyu/Downloads/apache-jmeter-5.1.1/bin/user.properties
2020-12-25 23:06:41,537 INFO o.a.j.JMeter: Loading system properties from: /Users/zhouyu/Downloads/apache-jmeter-5.1.1/bin/system.properties
2020-12-25 23:06:41,542 INFO o.a.j.JMeter: Copyright (c) 1998-2019 The Apache Software Foundation
2020-12-25 23:06:41,542 INFO o.a.j.JMeter: Version 5.1.1 r1855137
2020-12-25 23:06:41,543 INFO o.a.j.JMeter: java.version=1.8.0_211
2020-12-25 23:06:41,543 INFO o.a.j.JMeter: java.vm.name=Java HotSpot(TM) 64-Bit Server VM
2020-12-25 23:06:41,543 INFO o.a.j.JMeter: os.name=Mac OS X
2020-12-25 23:06:41,543 INFO o.a.j.JMeter: os.arch=x86_64
2020-12-25 23:06:41,543 INFO o.a.j.JMeter: os.version=10.16
2020-12-25 23:06:41,543 INFO o.a.j.JMeter: file.encoding=UTF-8
2020-12-25 23:06:41,543 INFO o.a.j.JMeter: java.awt.headless=true
2020-12-25 23:06:41,543 INFO o.a.j.JMeter: Max memory     =1908932608
2020-12-25 23:06:41,543 INFO o.a.j.JMeter: Available Processors =8
2020-12-25 23:06:41,549 INFO o.a.j.JMeter: Default Locale=中文 (中国)
2020-12-25 23:06:41,549 INFO o.a.j.JMeter: JMeter  Locale=中文 (中国)
2020-12-25 23:06:41,549 INFO o.a.j.JMeter: JMeterHome=/Users/zhouyu/Downloads/apache-jmeter-5.1.1
2020-12-25 23:06:41,549 INFO o.a.j.JMeter: user.dir  =/Users/zhouyu/Desktop/study/sjmx
2020-12-25 23:06:41,550 INFO o.a.j.JMeter: PWD       =/Users/zhouyu/Desktop/study/sjmx
2020-12-25 23:06:41,560 INFO o.a.j.JMeter: IP: 192.168.31.246 Name: zhouyudeMBP FullName: zhouyudembp
2020-12-25 23:06:41,563 INFO o.a.j.s.FileServer: Default base='/Users/zhouyu/Desktop/study/sjmx'
2020-12-25 23:06:41,566 INFO o.a.j.s.FileServer: Set new base='/Users/zhouyu/Desktop/study/sjmx/src/main/resources/jmxscripts/TestPlanComponent'
2020-12-25 23:06:41,702 INFO o.a.j.s.SaveService: Testplan (JMX) version: 2.2. Testlog (JTL) version: 2.2
2020-12-25 23:06:41,715 INFO o.a.j.s.SaveService: Using SaveService properties file encoding UTF-8
2020-12-25 23:06:41,720 INFO o.a.j.s.SaveService: Using SaveService properties version 5.0
2020-12-25 23:06:41,725 INFO o.a.j.s.SaveService: Loading file: /Users/zhouyu/Desktop/study/sjmx/src/main/resources/jmxscripts/TestPlanComponent/TestPlanComponent.jmx
2020-12-25 23:06:41,774 INFO o.a.j.p.h.s.HTTPSamplerBase: Parser for text/html is org.apache.jmeter.protocol.http.parser.LagartoBasedHtmlParser
2020-12-25 23:06:41,774 INFO o.a.j.p.h.s.HTTPSamplerBase: Parser for application/xhtml+xml is org.apache.jmeter.protocol.http.parser.LagartoBasedHtmlParser
2020-12-25 23:06:41,774 INFO o.a.j.p.h.s.HTTPSamplerBase: Parser for application/xml is org.apache.jmeter.protocol.http.parser.LagartoBasedHtmlParser
2020-12-25 23:06:41,774 INFO o.a.j.p.h.s.HTTPSamplerBase: Parser for text/xml is org.apache.jmeter.protocol.http.parser.LagartoBasedHtmlParser
2020-12-25 23:06:41,775 INFO o.a.j.p.h.s.HTTPSamplerBase: Parser for text/vnd.wap.wml is org.apache.jmeter.protocol.http.parser.RegexpHTMLParser
2020-12-25 23:06:41,775 INFO o.a.j.p.h.s.HTTPSamplerBase: Parser for text/css is org.apache.jmeter.protocol.http.parser.CssParser
2020-12-25 23:06:41,783 INFO o.a.j.JMeter: Creating summariser <summary>
2020-12-25 23:06:41,788 INFO o.a.j.e.StandardJMeterEngine: Running the test!
2020-12-25 23:06:41,789 INFO o.a.j.s.SampleEvent: List of sample_variables: []
2020-12-25 23:06:41,789 INFO o.a.j.s.SampleEvent: List of sample_variables: []
2020-12-25 23:06:41,794 INFO o.a.j.e.u.CompoundVariable: Note: Function class names must contain the string: '.functions.'
2020-12-25 23:06:41,794 INFO o.a.j.e.u.CompoundVariable: Note: Function class names must not contain the string: '.gui.'
2020-12-25 23:06:42,111 INFO o.a.j.JMeter: 正在运行的测试 (1608908802111)
2020-12-25 23:06:42,147 INFO o.a.j.e.StandardJMeterEngine: Starting ThreadGroup: 1 : nihao
2020-12-25 23:06:42,147 INFO o.a.j.e.StandardJMeterEngine: Starting 1 threads for group nihao.
2020-12-25 23:06:42,147 INFO o.a.j.e.StandardJMeterEngine: Thread will continue on error
2020-12-25 23:06:42,148 INFO o.a.j.t.ThreadGroup: Starting thread group... number=1 threads=1 ramp-up=1 delayedStart=false
2020-12-25 23:06:42,151 INFO o.a.j.t.ThreadGroup: Started thread group number 1
2020-12-25 23:06:42,151 INFO o.a.j.e.StandardJMeterEngine: All thread groups have been started
2020-12-25 23:06:42,152 INFO o.a.j.t.JMeterThread: Thread started: nihao 1-1
2020-12-25 23:06:42,176 INFO o.a.j.p.h.s.HTTPHCAbstractImpl: Local host = zhouyudeMBP
2020-12-25 23:06:42,184 INFO o.a.j.p.h.s.HTTPHC4Impl: HTTP request retry count = 0
2020-12-25 23:06:42,186 INFO o.a.j.s.SampleResult: Note: Sample TimeStamps are START times
2020-12-25 23:06:42,186 INFO o.a.j.s.SampleResult: sampleresult.default.encoding is set to UTF-8
2020-12-25 23:06:42,186 INFO o.a.j.s.SampleResult: sampleresult.useNanoTime=true
2020-12-25 23:06:42,186 INFO o.a.j.s.SampleResult: sampleresult.nanoThreadSleep=5000
2020-12-25 23:06:42,307 INFO o.a.j.p.h.s.h.LazyLayeredConnectionSocketFactory: Setting up HTTPS TrustAll Socket Factory
2020-12-25 23:06:42,312 INFO o.a.j.u.JsseSSLManager: Using default SSL protocol: TLS
2020-12-25 23:06:42,312 INFO o.a.j.u.JsseSSLManager: SSL session context: per-thread
2020-12-25 23:06:42,443 INFO o.a.j.u.SSLManager: JmeterKeyStore Location:  type JKS
2020-12-25 23:06:42,444 INFO o.a.j.u.SSLManager: KeyStore created OK
2020-12-25 23:06:42,444 WARN o.a.j.u.SSLManager: Keystore file not found, loading empty keystore
2020-12-25 23:07:00,096 INFO o.a.j.r.Summariser: summary +    140 in 00:00:18 =    7.8/s Avg:   126 Min:   109 Max:   379 Err:   140 (100.00%) Active: 1 Started: 1 Finished: 0
